<?xml version="1.0" encoding="UTF-8"?>
<!-- Generated by org.testng.reporters.JUnitXMLReporter -->
<testsuite ignored="0" hostname="DESKTOP-T8H87ST" failures="1" tests="1" name="TestAnimal" time="57.631" errors="0" timestamp="2022-06-16T15:01:39 IST">
  <testcase classname="com.com.assignment.CreatingNewOrganizationCheckNotifyOnerSelectedTest" name="CreatingNewOrganizationCheckNotifyOnerSelectedTest" time="27.924">
    <failure type="java.lang.AssertionError" message="null">
      <![CDATA[java.lang.AssertionError: null
at com.com.assignment.CreatingNewOrganizationCheckNotifyOnerSelectedTest.CreatingNewOrganizationCheckNotifyOnerSelectedTest(CreatingNewOrganizationCheckNotifyOnerSelectedTest.java:54)
at java.base/java.util.ArrayList.forEach(ArrayList.java:1511)
... Removed 29 stack frames]]>
    </failure>
  </testcase> <!-- CreatingNewOrganizationCheckNotifyOnerSelectedTest -->
</testsuite> <!-- TestAnimal -->
